[13-Mar-2022 17:04:15 UTC] PHP Parse error:  syntax error, unexpected '<', expecting end of file in C:\xampp\htdocs\project-ASIAvinaFans\wp-content\themes\ASIAvinaFans\index.php on line 7
[13-Mar-2022 17:04:21 UTC] PHP Parse error:  syntax error, unexpected '<', expecting end of file in C:\xampp\htdocs\project-ASIAvinaFans\wp-content\themes\ASIAvinaFans\index.php on line 7
[13-Mar-2022 17:04:31 UTC] PHP Parse error:  syntax error, unexpected '<', expecting end of file in C:\xampp\htdocs\project-ASIAvinaFans\wp-content\themes\ASIAvinaFans\index.php on line 7
[13-Mar-2022 17:34:44 UTC] PHP Parse error:  syntax error, unexpected 'wp_admin_bar_header' (T_STRING) in C:\xampp\htdocs\project-ASIAvinaFans\wp-content\themes\ASIAvinaFans\index.php on line 9
[13-Mar-2022 17:34:44 UTC] PHP Parse error:  syntax error, unexpected 'wp_admin_bar_header' (T_STRING) in C:\xampp\htdocs\project-ASIAvinaFans\wp-content\themes\ASIAvinaFans\index.php on line 9
[13-Mar-2022 17:34:44 UTC] PHP Parse error:  syntax error, unexpected 'wp_admin_bar_header' (T_STRING) in C:\xampp\htdocs\project-ASIAvinaFans\wp-content\themes\ASIAvinaFans\index.php on line 9
[13-Mar-2022 17:34:45 UTC] PHP Parse error:  syntax error, unexpected 'wp_admin_bar_header' (T_STRING) in C:\xampp\htdocs\project-ASIAvinaFans\wp-content\themes\ASIAvinaFans\index.php on line 9
[13-Mar-2022 17:34:45 UTC] PHP Parse error:  syntax error, unexpected 'wp_admin_bar_header' (T_STRING) in C:\xampp\htdocs\project-ASIAvinaFans\wp-content\themes\ASIAvinaFans\index.php on line 9
[13-Mar-2022 17:34:45 UTC] PHP Parse error:  syntax error, unexpected 'wp_admin_bar_header' (T_STRING) in C:\xampp\htdocs\project-ASIAvinaFans\wp-content\themes\ASIAvinaFans\index.php on line 9
[13-Mar-2022 17:34:45 UTC] PHP Parse error:  syntax error, unexpected 'wp_admin_bar_header' (T_STRING) in C:\xampp\htdocs\project-ASIAvinaFans\wp-content\themes\ASIAvinaFans\index.php on line 9
[13-Mar-2022 17:34:45 UTC] PHP Parse error:  syntax error, unexpected 'wp_admin_bar_header' (T_STRING) in C:\xampp\htdocs\project-ASIAvinaFans\wp-content\themes\ASIAvinaFans\index.php on line 9
[13-Mar-2022 17:34:45 UTC] PHP Parse error:  syntax error, unexpected 'wp_admin_bar_header' (T_STRING) in C:\xampp\htdocs\project-ASIAvinaFans\wp-content\themes\ASIAvinaFans\index.php on line 9
[13-Mar-2022 17:34:55 UTC] PHP Parse error:  syntax error, unexpected 'wp_admin_bar_header' (T_STRING) in C:\xampp\htdocs\project-ASIAvinaFans\wp-content\themes\ASIAvinaFans\index.php on line 9
[13-Mar-2022 17:34:56 UTC] PHP Parse error:  syntax error, unexpected 'wp_admin_bar_header' (T_STRING) in C:\xampp\htdocs\project-ASIAvinaFans\wp-content\themes\ASIAvinaFans\index.php on line 9
[13-Mar-2022 17:34:58 UTC] PHP Parse error:  syntax error, unexpected 'wp_admin_bar_header' (T_STRING) in C:\xampp\htdocs\project-ASIAvinaFans\wp-content\themes\ASIAvinaFans\index.php on line 9
[13-Mar-2022 17:35:12 UTC] PHP Parse error:  syntax error, unexpected 'wp_admin_bar_header' (T_STRING) in C:\xampp\htdocs\project-ASIAvinaFans\wp-content\themes\ASIAvinaFans\index.php on line 11
[13-Mar-2022 17:35:14 UTC] PHP Parse error:  syntax error, unexpected 'wp_admin_bar_header' (T_STRING) in C:\xampp\htdocs\project-ASIAvinaFans\wp-content\themes\ASIAvinaFans\index.php on line 11
[13-Mar-2022 17:35:27 UTC] PHP Parse error:  syntax error, unexpected 'wp_admin_bar_header' (T_STRING) in C:\xampp\htdocs\project-ASIAvinaFans\wp-content\themes\ASIAvinaFans\index.php on line 11
[13-Mar-2022 17:35:28 UTC] PHP Parse error:  syntax error, unexpected 'wp_admin_bar_header' (T_STRING) in C:\xampp\htdocs\project-ASIAvinaFans\wp-content\themes\ASIAvinaFans\index.php on line 11
[13-Mar-2022 17:35:33 UTC] PHP Parse error:  syntax error, unexpected 'wp_admin_bar_header' (T_STRING) in C:\xampp\htdocs\project-ASIAvinaFans\wp-content\themes\ASIAvinaFans\index.php on line 11
[13-Mar-2022 17:35:34 UTC] PHP Parse error:  syntax error, unexpected 'wp_admin_bar_header' (T_STRING) in C:\xampp\htdocs\project-ASIAvinaFans\wp-content\themes\ASIAvinaFans\index.php on line 11
[13-Mar-2022 17:35:44 UTC] PHP Parse error:  syntax error, unexpected 'wp_admin_bar_header' (T_STRING) in C:\xampp\htdocs\project-ASIAvinaFans\wp-content\themes\ASIAvinaFans\header.php on line 9
[13-Mar-2022 17:36:41 UTC] PHP Fatal error:  Uncaught ArgumentCountError: Too few arguments to function show_admin_bar(), 0 passed in C:\xampp\htdocs\project-ASIAvinaFans\wp-content\themes\ASIAvinaFans\index.php on line 12 and exactly 1 expected in C:\xampp\htdocs\project-ASIAvinaFans\wp-includes\admin-bar.php:1221
Stack trace:
#0 C:\xampp\htdocs\project-ASIAvinaFans\wp-content\themes\ASIAvinaFans\index.php(12): show_admin_bar()
#1 C:\xampp\htdocs\project-ASIAvinaFans\wp-includes\template-loader.php(106): include('C:\\xampp\\htdocs...')
#2 C:\xampp\htdocs\project-ASIAvinaFans\wp-blog-header.php(19): require_once('C:\\xampp\\htdocs...')
#3 C:\xampp\htdocs\project-ASIAvinaFans\index.php(17): require('C:\\xampp\\htdocs...')
#4 {main}
  thrown in C:\xampp\htdocs\project-ASIAvinaFans\wp-includes\admin-bar.php on line 1221
[13-Mar-2022 17:36:42 UTC] PHP Fatal error:  Uncaught ArgumentCountError: Too few arguments to function show_admin_bar(), 0 passed in C:\xampp\htdocs\project-ASIAvinaFans\wp-content\themes\ASIAvinaFans\index.php on line 12 and exactly 1 expected in C:\xampp\htdocs\project-ASIAvinaFans\wp-includes\admin-bar.php:1221
Stack trace:
#0 C:\xampp\htdocs\project-ASIAvinaFans\wp-content\themes\ASIAvinaFans\index.php(12): show_admin_bar()
#1 C:\xampp\htdocs\project-ASIAvinaFans\wp-includes\template-loader.php(106): include('C:\\xampp\\htdocs...')
#2 C:\xampp\htdocs\project-ASIAvinaFans\wp-blog-header.php(19): require_once('C:\\xampp\\htdocs...')
#3 C:\xampp\htdocs\project-ASIAvinaFans\index.php(17): require('C:\\xampp\\htdocs...')
#4 {main}
  thrown in C:\xampp\htdocs\project-ASIAvinaFans\wp-includes\admin-bar.php on line 1221
[13-Mar-2022 17:36:44 UTC] PHP Fatal error:  Uncaught ArgumentCountError: Too few arguments to function show_admin_bar(), 0 passed in C:\xampp\htdocs\project-ASIAvinaFans\wp-content\themes\ASIAvinaFans\index.php on line 12 and exactly 1 expected in C:\xampp\htdocs\project-ASIAvinaFans\wp-includes\admin-bar.php:1221
Stack trace:
#0 C:\xampp\htdocs\project-ASIAvinaFans\wp-content\themes\ASIAvinaFans\index.php(12): show_admin_bar()
#1 C:\xampp\htdocs\project-ASIAvinaFans\wp-includes\template-loader.php(106): include('C:\\xampp\\htdocs...')
#2 C:\xampp\htdocs\project-ASIAvinaFans\wp-blog-header.php(19): require_once('C:\\xampp\\htdocs...')
#3 C:\xampp\htdocs\project-ASIAvinaFans\index.php(17): require('C:\\xampp\\htdocs...')
#4 {main}
  thrown in C:\xampp\htdocs\project-ASIAvinaFans\wp-includes\admin-bar.php on line 1221
[13-Mar-2022 17:36:45 UTC] PHP Fatal error:  Uncaught ArgumentCountError: Too few arguments to function show_admin_bar(), 0 passed in C:\xampp\htdocs\project-ASIAvinaFans\wp-content\themes\ASIAvinaFans\index.php on line 12 and exactly 1 expected in C:\xampp\htdocs\project-ASIAvinaFans\wp-includes\admin-bar.php:1221
Stack trace:
#0 C:\xampp\htdocs\project-ASIAvinaFans\wp-content\themes\ASIAvinaFans\index.php(12): show_admin_bar()
#1 C:\xampp\htdocs\project-ASIAvinaFans\wp-includes\template-loader.php(106): include('C:\\xampp\\htdocs...')
#2 C:\xampp\htdocs\project-ASIAvinaFans\wp-blog-header.php(19): require_once('C:\\xampp\\htdocs...')
#3 C:\xampp\htdocs\project-ASIAvinaFans\index.php(17): require('C:\\xampp\\htdocs...')
#4 {main}
  thrown in C:\xampp\htdocs\project-ASIAvinaFans\wp-includes\admin-bar.php on line 1221
[13-Mar-2022 17:36:51 UTC] PHP Fatal error:  Uncaught ArgumentCountError: Too few arguments to function show_admin_bar(), 0 passed in C:\xampp\htdocs\project-ASIAvinaFans\wp-content\themes\ASIAvinaFans\index.php on line 12 and exactly 1 expected in C:\xampp\htdocs\project-ASIAvinaFans\wp-includes\admin-bar.php:1221
Stack trace:
#0 C:\xampp\htdocs\project-ASIAvinaFans\wp-content\themes\ASIAvinaFans\index.php(12): show_admin_bar()
#1 C:\xampp\htdocs\project-ASIAvinaFans\wp-includes\template-loader.php(106): include('C:\\xampp\\htdocs...')
#2 C:\xampp\htdocs\project-ASIAvinaFans\wp-blog-header.php(19): require_once('C:\\xampp\\htdocs...')
#3 C:\xampp\htdocs\project-ASIAvinaFans\index.php(17): require('C:\\xampp\\htdocs...')
#4 {main}
  thrown in C:\xampp\htdocs\project-ASIAvinaFans\wp-includes\admin-bar.php on line 1221
[13-Mar-2022 17:36:52 UTC] PHP Fatal error:  Uncaught ArgumentCountError: Too few arguments to function show_admin_bar(), 0 passed in C:\xampp\htdocs\project-ASIAvinaFans\wp-content\themes\ASIAvinaFans\index.php on line 12 and exactly 1 expected in C:\xampp\htdocs\project-ASIAvinaFans\wp-includes\admin-bar.php:1221
Stack trace:
#0 C:\xampp\htdocs\project-ASIAvinaFans\wp-content\themes\ASIAvinaFans\index.php(12): show_admin_bar()
#1 C:\xampp\htdocs\project-ASIAvinaFans\wp-includes\template-loader.php(106): include('C:\\xampp\\htdocs...')
#2 C:\xampp\htdocs\project-ASIAvinaFans\wp-blog-header.php(19): require_once('C:\\xampp\\htdocs...')
#3 C:\xampp\htdocs\project-ASIAvinaFans\index.php(17): require('C:\\xampp\\htdocs...')
#4 {main}
  thrown in C:\xampp\htdocs\project-ASIAvinaFans\wp-includes\admin-bar.php on line 1221
[13-Mar-2022 20:18:00 UTC] PHP Notice:  Undefined index: action in C:\xampp\htdocs\project-ASIAvinaFans\wp-content\plugins\soliloquy-lite\includes\admin\editor.php on line 104
[13-Mar-2022 20:19:36 UTC] PHP Notice:  Undefined index: action in C:\xampp\htdocs\project-ASIAvinaFans\wp-content\plugins\soliloquy-lite\includes\admin\editor.php on line 104
[13-Mar-2022 20:34:42 UTC] PHP Parse error:  syntax error, unexpected ',' in C:\xampp\htdocs\project-ASIAvinaFans\wp-content\themes\ASIAvinaFans\template-part\quality-verification.php on line 10
[13-Mar-2022 20:34:42 UTC] PHP Parse error:  syntax error, unexpected ',' in C:\xampp\htdocs\project-ASIAvinaFans\wp-content\themes\ASIAvinaFans\template-part\quality-verification.php on line 10
[13-Mar-2022 20:34:49 UTC] PHP Parse error:  syntax error, unexpected ',' in C:\xampp\htdocs\project-ASIAvinaFans\wp-content\themes\ASIAvinaFans\template-part\quality-verification.php on line 10
[13-Mar-2022 20:34:49 UTC] PHP Parse error:  syntax error, unexpected ',' in C:\xampp\htdocs\project-ASIAvinaFans\wp-content\themes\ASIAvinaFans\template-part\quality-verification.php on line 10
[13-Mar-2022 20:35:00 UTC] PHP Parse error:  syntax error, unexpected ',' in C:\xampp\htdocs\project-ASIAvinaFans\wp-content\themes\ASIAvinaFans\template-part\quality-verification.php on line 10
[13-Mar-2022 20:35:01 UTC] PHP Parse error:  syntax error, unexpected ',' in C:\xampp\htdocs\project-ASIAvinaFans\wp-content\themes\ASIAvinaFans\template-part\quality-verification.php on line 10
[13-Mar-2022 20:35:09 UTC] PHP Parse error:  syntax error, unexpected ',' in C:\xampp\htdocs\project-ASIAvinaFans\wp-content\themes\ASIAvinaFans\template-part\quality-verification.php on line 10
[13-Mar-2022 20:35:09 UTC] PHP Parse error:  syntax error, unexpected ',' in C:\xampp\htdocs\project-ASIAvinaFans\wp-content\themes\ASIAvinaFans\template-part\quality-verification.php on line 10
[13-Mar-2022 20:35:11 UTC] PHP Parse error:  syntax error, unexpected ',' in C:\xampp\htdocs\project-ASIAvinaFans\wp-content\themes\ASIAvinaFans\template-part\quality-verification.php on line 10
[13-Mar-2022 20:35:11 UTC] PHP Parse error:  syntax error, unexpected ',' in C:\xampp\htdocs\project-ASIAvinaFans\wp-content\themes\ASIAvinaFans\template-part\quality-verification.php on line 10
[13-Mar-2022 20:51:29 UTC] PHP Notice:  Undefined index: action in C:\xampp\htdocs\project-ASIAvinaFans\wp-content\plugins\soliloquy-lite\includes\admin\editor.php on line 104
[14-Mar-2022 07:04:02 UTC] PHP Notice:  Undefined index: action in C:\xampp\htdocs\project-ASIAvinaFans\wp-content\plugins\soliloquy-lite\includes\admin\editor.php on line 104
[14-Mar-2022 07:04:02 UTC] PHP Notice:  Undefined index: action in C:\xampp\htdocs\project-ASIAvinaFans\wp-content\plugins\soliloquy-lite\includes\admin\editor.php on line 104
[16-Mar-2022 16:13:04 UTC] PHP Notice:  Undefined index: action in C:\xampp\htdocs\project-ASIAvinaFans\wp-content\plugins\soliloquy-lite\includes\admin\editor.php on line 104
[16-Mar-2022 16:13:04 UTC] PHP Notice:  Undefined index: action in C:\xampp\htdocs\project-ASIAvinaFans\wp-content\plugins\soliloquy-lite\includes\admin\editor.php on line 104
[16-Mar-2022 16:15:12 UTC] PHP Notice:  Undefined index: action in C:\xampp\htdocs\project-ASIAvinaFans\wp-content\plugins\soliloquy-lite\includes\admin\editor.php on line 104
[16-Mar-2022 16:15:12 UTC] PHP Notice:  Undefined index: action in C:\xampp\htdocs\project-ASIAvinaFans\wp-content\plugins\soliloquy-lite\includes\admin\editor.php on line 104
[16-Mar-2022 16:16:44 UTC] PHP Notice:  Undefined index: action in C:\xampp\htdocs\project-ASIAvinaFans\wp-content\plugins\soliloquy-lite\includes\admin\editor.php on line 104
[16-Mar-2022 16:16:44 UTC] PHP Notice:  Undefined index: action in C:\xampp\htdocs\project-ASIAvinaFans\wp-content\plugins\soliloquy-lite\includes\admin\editor.php on line 104
[16-Mar-2022 16:17:57 UTC] PHP Notice:  Undefined index: action in C:\xampp\htdocs\project-ASIAvinaFans\wp-content\plugins\soliloquy-lite\includes\admin\editor.php on line 104
[16-Mar-2022 16:17:57 UTC] PHP Notice:  Undefined index: action in C:\xampp\htdocs\project-ASIAvinaFans\wp-content\plugins\soliloquy-lite\includes\admin\editor.php on line 104
[16-Mar-2022 16:18:14 UTC] PHP Notice:  Undefined index: action in C:\xampp\htdocs\project-ASIAvinaFans\wp-content\plugins\soliloquy-lite\includes\admin\editor.php on line 104
[16-Mar-2022 16:18:14 UTC] PHP Notice:  Undefined index: action in C:\xampp\htdocs\project-ASIAvinaFans\wp-content\plugins\soliloquy-lite\includes\admin\editor.php on line 104
[16-Mar-2022 16:20:34 UTC] PHP Notice:  Undefined index: action in C:\xampp\htdocs\project-ASIAvinaFans\wp-content\plugins\soliloquy-lite\includes\admin\editor.php on line 104
[16-Mar-2022 16:20:34 UTC] PHP Notice:  Undefined index: action in C:\xampp\htdocs\project-ASIAvinaFans\wp-content\plugins\soliloquy-lite\includes\admin\editor.php on line 104
[19-Mar-2022 16:46:54 UTC] PHP Notice:  wp_enqueue_script() được gọi là <strong>không chính xác</strong>. "wp-editor" script should not be enqueued together with the new widgets editor (wp-edit-widgets or wp-customize-widgets). Vui lòng xem <a href="https://wordpress.org/support/article/debugging-in-wordpress/">Hướng dẫn Debug trong WordPress</a> để biết thêm thông tin. (Thông điệp này đã được thêm vào trong phiên bản 5.8.0.) in C:\xampp\htdocs\project-ASIAvinaFans\wp-includes\functions.php on line 5768
[19-Mar-2022 17:07:47 UTC] PHP Warning:  Use of undefined constant format - assumed 'format' (this will throw an Error in a future version of PHP) in C:\xampp\htdocs\project-ASIAvinaFans\wp-content\themes\ASIAvinaFans\template-part\quality-verification.php on line 13
[19-Mar-2022 17:07:47 UTC] PHP Warning:  Use of undefined constant link - assumed 'link' (this will throw an Error in a future version of PHP) in C:\xampp\htdocs\project-ASIAvinaFans\wp-content\themes\ASIAvinaFans\template-part\quality-verification.php on line 13
[19-Mar-2022 17:07:47 UTC] PHP Warning:  Use of undefined constant in_same_term - assumed 'in_same_term' (this will throw an Error in a future version of PHP) in C:\xampp\htdocs\project-ASIAvinaFans\wp-content\themes\ASIAvinaFans\template-part\quality-verification.php on line 13
[19-Mar-2022 17:07:47 UTC] PHP Warning:  Use of undefined constant excluded_terms - assumed 'excluded_terms' (this will throw an Error in a future version of PHP) in C:\xampp\htdocs\project-ASIAvinaFans\wp-content\themes\ASIAvinaFans\template-part\quality-verification.php on line 13
[19-Mar-2022 17:07:47 UTC] PHP Warning:  Use of undefined constant taxonomy - assumed 'taxonomy' (this will throw an Error in a future version of PHP) in C:\xampp\htdocs\project-ASIAvinaFans\wp-content\themes\ASIAvinaFans\template-part\quality-verification.php on line 13
[19-Mar-2022 17:07:51 UTC] PHP Warning:  Use of undefined constant format - assumed 'format' (this will throw an Error in a future version of PHP) in C:\xampp\htdocs\project-ASIAvinaFans\wp-content\themes\ASIAvinaFans\template-part\quality-verification.php on line 13
[19-Mar-2022 17:07:51 UTC] PHP Warning:  Use of undefined constant link - assumed 'link' (this will throw an Error in a future version of PHP) in C:\xampp\htdocs\project-ASIAvinaFans\wp-content\themes\ASIAvinaFans\template-part\quality-verification.php on line 13
[19-Mar-2022 17:07:51 UTC] PHP Warning:  Use of undefined constant in_same_term - assumed 'in_same_term' (this will throw an Error in a future version of PHP) in C:\xampp\htdocs\project-ASIAvinaFans\wp-content\themes\ASIAvinaFans\template-part\quality-verification.php on line 13
[19-Mar-2022 17:07:51 UTC] PHP Warning:  Use of undefined constant excluded_terms - assumed 'excluded_terms' (this will throw an Error in a future version of PHP) in C:\xampp\htdocs\project-ASIAvinaFans\wp-content\themes\ASIAvinaFans\template-part\quality-verification.php on line 13
[19-Mar-2022 17:07:51 UTC] PHP Warning:  Use of undefined constant taxonomy - assumed 'taxonomy' (this will throw an Error in a future version of PHP) in C:\xampp\htdocs\project-ASIAvinaFans\wp-content\themes\ASIAvinaFans\template-part\quality-verification.php on line 13
[19-Mar-2022 17:07:52 UTC] PHP Warning:  Use of undefined constant format - assumed 'format' (this will throw an Error in a future version of PHP) in C:\xampp\htdocs\project-ASIAvinaFans\wp-content\themes\ASIAvinaFans\template-part\quality-verification.php on line 13
[19-Mar-2022 17:07:52 UTC] PHP Warning:  Use of undefined constant link - assumed 'link' (this will throw an Error in a future version of PHP) in C:\xampp\htdocs\project-ASIAvinaFans\wp-content\themes\ASIAvinaFans\template-part\quality-verification.php on line 13
[19-Mar-2022 17:07:52 UTC] PHP Warning:  Use of undefined constant in_same_term - assumed 'in_same_term' (this will throw an Error in a future version of PHP) in C:\xampp\htdocs\project-ASIAvinaFans\wp-content\themes\ASIAvinaFans\template-part\quality-verification.php on line 13
[19-Mar-2022 17:07:52 UTC] PHP Warning:  Use of undefined constant excluded_terms - assumed 'excluded_terms' (this will throw an Error in a future version of PHP) in C:\xampp\htdocs\project-ASIAvinaFans\wp-content\themes\ASIAvinaFans\template-part\quality-verification.php on line 13
[19-Mar-2022 17:07:52 UTC] PHP Warning:  Use of undefined constant taxonomy - assumed 'taxonomy' (this will throw an Error in a future version of PHP) in C:\xampp\htdocs\project-ASIAvinaFans\wp-content\themes\ASIAvinaFans\template-part\quality-verification.php on line 13
[19-Mar-2022 17:17:11 UTC] PHP Notice:  wp_enqueue_script() được gọi là <strong>không chính xác</strong>. "wp-editor" script should not be enqueued together with the new widgets editor (wp-edit-widgets or wp-customize-widgets). Vui lòng xem <a href="https://wordpress.org/support/article/debugging-in-wordpress/">Hướng dẫn Debug trong WordPress</a> để biết thêm thông tin. (Thông điệp này đã được thêm vào trong phiên bản 5.8.0.) in C:\xampp\htdocs\project-ASIAvinaFans\wp-includes\functions.php on line 5768
[19-Mar-2022 17:17:13 UTC] PHP Warning:  Use of undefined constant format - assumed 'format' (this will throw an Error in a future version of PHP) in C:\xampp\htdocs\project-ASIAvinaFans\wp-content\themes\ASIAvinaFans\template-part\quality-verification.php on line 13
[19-Mar-2022 17:17:13 UTC] PHP Warning:  Use of undefined constant link - assumed 'link' (this will throw an Error in a future version of PHP) in C:\xampp\htdocs\project-ASIAvinaFans\wp-content\themes\ASIAvinaFans\template-part\quality-verification.php on line 13
[19-Mar-2022 17:17:13 UTC] PHP Warning:  Use of undefined constant in_same_term - assumed 'in_same_term' (this will throw an Error in a future version of PHP) in C:\xampp\htdocs\project-ASIAvinaFans\wp-content\themes\ASIAvinaFans\template-part\quality-verification.php on line 13
[19-Mar-2022 17:17:13 UTC] PHP Warning:  Use of undefined constant excluded_terms - assumed 'excluded_terms' (this will throw an Error in a future version of PHP) in C:\xampp\htdocs\project-ASIAvinaFans\wp-content\themes\ASIAvinaFans\template-part\quality-verification.php on line 13
[19-Mar-2022 17:17:13 UTC] PHP Warning:  Use of undefined constant taxonomy - assumed 'taxonomy' (this will throw an Error in a future version of PHP) in C:\xampp\htdocs\project-ASIAvinaFans\wp-content\themes\ASIAvinaFans\template-part\quality-verification.php on line 13
[19-Mar-2022 17:18:44 UTC] PHP Notice:  wp_enqueue_script() được gọi là <strong>không chính xác</strong>. "wp-editor" script should not be enqueued together with the new widgets editor (wp-edit-widgets or wp-customize-widgets). Vui lòng xem <a href="https://wordpress.org/support/article/debugging-in-wordpress/">Hướng dẫn Debug trong WordPress</a> để biết thêm thông tin. (Thông điệp này đã được thêm vào trong phiên bản 5.8.0.) in C:\xampp\htdocs\project-ASIAvinaFans\wp-includes\functions.php on line 5768
[19-Mar-2022 17:18:46 UTC] PHP Warning:  Use of undefined constant format - assumed 'format' (this will throw an Error in a future version of PHP) in C:\xampp\htdocs\project-ASIAvinaFans\wp-content\themes\ASIAvinaFans\template-part\quality-verification.php on line 13
[19-Mar-2022 17:18:46 UTC] PHP Warning:  Use of undefined constant link - assumed 'link' (this will throw an Error in a future version of PHP) in C:\xampp\htdocs\project-ASIAvinaFans\wp-content\themes\ASIAvinaFans\template-part\quality-verification.php on line 13
[19-Mar-2022 17:18:46 UTC] PHP Warning:  Use of undefined constant in_same_term - assumed 'in_same_term' (this will throw an Error in a future version of PHP) in C:\xampp\htdocs\project-ASIAvinaFans\wp-content\themes\ASIAvinaFans\template-part\quality-verification.php on line 13
[19-Mar-2022 17:18:46 UTC] PHP Warning:  Use of undefined constant excluded_terms - assumed 'excluded_terms' (this will throw an Error in a future version of PHP) in C:\xampp\htdocs\project-ASIAvinaFans\wp-content\themes\ASIAvinaFans\template-part\quality-verification.php on line 13
[19-Mar-2022 17:18:46 UTC] PHP Warning:  Use of undefined constant taxonomy - assumed 'taxonomy' (this will throw an Error in a future version of PHP) in C:\xampp\htdocs\project-ASIAvinaFans\wp-content\themes\ASIAvinaFans\template-part\quality-verification.php on line 13
[19-Mar-2022 17:42:54 UTC] PHP Notice:  wp_enqueue_script() được gọi là <strong>không chính xác</strong>. "wp-editor" script should not be enqueued together with the new widgets editor (wp-edit-widgets or wp-customize-widgets). Vui lòng xem <a href="https://wordpress.org/support/article/debugging-in-wordpress/">Hướng dẫn Debug trong WordPress</a> để biết thêm thông tin. (Thông điệp này đã được thêm vào trong phiên bản 5.8.0.) in C:\xampp\htdocs\project-ASIAvinaFans\wp-includes\functions.php on line 5768
[27-Mar-2022 14:06:04 UTC] PHP Warning:  mysqli_real_connect(): Error while reading greeting packet. PID=10624 in C:\xampp\htdocs\ASIAvinaFans\wp-includes\wp-db.php on line 1753
[27-Mar-2022 14:06:04 UTC] PHP Warning:  mysqli_real_connect(): (HY000/2006): MySQL server has gone away in C:\xampp\htdocs\ASIAvinaFans\wp-includes\wp-db.php on line 1753
[27-Mar-2022 14:33:11 UTC] PHP Warning:  mysqli_real_connect(): (HY000/2002): No connection could be made because the target machine actively refused it.
 in C:\xampp\htdocs\project-ASIAvinaFans\wp-includes\wp-db.php on line 1753
[27-Mar-2022 16:15:15 UTC] PHP Parse error:  syntax error, unexpected 'pagination' (T_STRING), expecting '(' in C:\xampp\htdocs\project-ASIAvinaFans\wp-content\themes\ASIAvinaFans\functions.php on line 73
[27-Mar-2022 16:15:15 UTC] PHP Notice:  Trying to access array offset on value of type bool in C:\xampp\htdocs\project-ASIAvinaFans\wp-includes\class-wp-recovery-mode-email-service.php on line 351
[27-Mar-2022 16:15:15 UTC] PHP Notice:  Trying to access array offset on value of type bool in C:\xampp\htdocs\project-ASIAvinaFans\wp-includes\class-wp-recovery-mode-email-service.php on line 352
[27-Mar-2022 16:17:16 UTC] PHP Parse error:  syntax error, unexpected 'pagination' (T_STRING), expecting '(' in C:\xampp\htdocs\project-ASIAvinaFans\wp-content\themes\ASIAvinaFans\functions.php on line 73
[27-Mar-2022 16:19:17 UTC] PHP Parse error:  syntax error, unexpected '$GLOBAL' (T_VARIABLE) in C:\xampp\htdocs\project-ASIAvinaFans\wp-content\themes\ASIAvinaFans\functions.php on line 74
[27-Mar-2022 16:21:18 UTC] PHP Parse error:  syntax error, unexpected '$GLOBAL' (T_VARIABLE) in C:\xampp\htdocs\project-ASIAvinaFans\wp-content\themes\ASIAvinaFans\functions.php on line 74
[27-Mar-2022 16:23:19 UTC] PHP Parse error:  syntax error, unexpected '$GLOBALS' (T_VARIABLE) in C:\xampp\htdocs\project-ASIAvinaFans\wp-content\themes\ASIAvinaFans\functions.php on line 74
[27-Mar-2022 16:25:20 UTC] PHP Parse error:  syntax error, unexpected '$GLOBALS' (T_VARIABLE) in C:\xampp\htdocs\project-ASIAvinaFans\wp-content\themes\ASIAvinaFans\functions.php on line 74
[27-Mar-2022 16:27:21 UTC] PHP Parse error:  syntax error, unexpected '$GLOBALS' (T_VARIABLE) in C:\xampp\htdocs\project-ASIAvinaFans\wp-content\themes\ASIAvinaFans\functions.php on line 74
[27-Mar-2022 16:29:22 UTC] PHP Parse error:  syntax error, unexpected '$GLOBALS' (T_VARIABLE) in C:\xampp\htdocs\project-ASIAvinaFans\wp-content\themes\ASIAvinaFans\functions.php on line 74
[27-Mar-2022 16:31:23 UTC] PHP Parse error:  syntax error, unexpected 'l' (T_STRING), expecting ']' in C:\xampp\htdocs\project-ASIAvinaFans\wp-content\themes\ASIAvinaFans\functions.php on line 74
[27-Mar-2022 16:33:24 UTC] PHP Parse error:  syntax error, unexpected 'l' (T_STRING), expecting ']' in C:\xampp\htdocs\project-ASIAvinaFans\wp-content\themes\ASIAvinaFans\functions.php on line 74
[27-Mar-2022 16:35:25 UTC] PHP Parse error:  syntax error, unexpected 'l' (T_STRING), expecting ']' in C:\xampp\htdocs\project-ASIAvinaFans\wp-content\themes\ASIAvinaFans\functions.php on line 74
[27-Mar-2022 16:37:26 UTC] PHP Parse error:  syntax error, unexpected 'l' (T_STRING), expecting ']' in C:\xampp\htdocs\project-ASIAvinaFans\wp-content\themes\ASIAvinaFans\functions.php on line 74
[27-Mar-2022 16:39:27 UTC] PHP Parse error:  syntax error, unexpected 'l' (T_STRING), expecting ']' in C:\xampp\htdocs\project-ASIAvinaFans\wp-content\themes\ASIAvinaFans\functions.php on line 74
[27-Mar-2022 16:41:28 UTC] PHP Parse error:  syntax error, unexpected 'l' (T_STRING), expecting ']' in C:\xampp\htdocs\project-ASIAvinaFans\wp-content\themes\ASIAvinaFans\functions.php on line 74
[27-Mar-2022 16:43:29 UTC] PHP Parse error:  syntax error, unexpected 'Posts’' (T_STRING), expecting ')' in C:\xampp\htdocs\project-ASIAvinaFans\wp-content\themes\ASIAvinaFans\functions.php on line 83
[27-Mar-2022 16:45:30 UTC] PHP Parse error:  syntax error, unexpected 'Posts’' (T_STRING), expecting ')' in C:\xampp\htdocs\project-ASIAvinaFans\wp-content\themes\ASIAvinaFans\functions.php on line 83
[27-Mar-2022 16:47:31 UTC] PHP Parse error:  syntax error, unexpected 'Posts’' (T_STRING), expecting ')' in C:\xampp\htdocs\project-ASIAvinaFans\wp-content\themes\ASIAvinaFans\functions.php on line 83
[27-Mar-2022 16:49:32 UTC] PHP Parse error:  syntax error, unexpected 'Posts’' (T_STRING), expecting ')' in C:\xampp\htdocs\project-ASIAvinaFans\wp-content\themes\ASIAvinaFans\functions.php on line 88
[27-Mar-2022 16:51:33 UTC] PHP Warning:  Use of undefined constant ‘thachpham_pagination’ - assumed '‘thachpham_pagination’' (this will throw an Error in a future version of PHP) in C:\xampp\htdocs\project-ASIAvinaFans\wp-content\themes\ASIAvinaFans\functions.php on line 72
[27-Mar-2022 16:51:34 UTC] PHP Warning:  Use of undefined constant ‘thachpham_pagination’ - assumed '‘thachpham_pagination’' (this will throw an Error in a future version of PHP) in C:\xampp\htdocs\project-ASIAvinaFans\wp-content\themes\ASIAvinaFans\functions.php on line 72
[27-Mar-2022 16:53:34 UTC] PHP Warning:  Use of undefined constant ‘thachpham_pagination’ - assumed '‘thachpham_pagination’' (this will throw an Error in a future version of PHP) in C:\xampp\htdocs\project-ASIAvinaFans\wp-content\themes\ASIAvinaFans\functions.php on line 72
[27-Mar-2022 16:53:35 UTC] PHP Warning:  Use of undefined constant ‘thachpham_pagination’ - assumed '‘thachpham_pagination’' (this will throw an Error in a future version of PHP) in C:\xampp\htdocs\project-ASIAvinaFans\wp-content\themes\ASIAvinaFans\functions.php on line 72
[27-Mar-2022 16:55:35 UTC] PHP Warning:  Use of undefined constant ‘thachpham_pagination’ - assumed '‘thachpham_pagination’' (this will throw an Error in a future version of PHP) in C:\xampp\htdocs\project-ASIAvinaFans\wp-content\themes\ASIAvinaFans\functions.php on line 72
[27-Mar-2022 16:55:36 UTC] PHP Warning:  Use of undefined constant ‘thachpham_pagination’ - assumed '‘thachpham_pagination’' (this will throw an Error in a future version of PHP) in C:\xampp\htdocs\project-ASIAvinaFans\wp-content\themes\ASIAvinaFans\functions.php on line 72
[27-Mar-2022 16:57:36 UTC] PHP Warning:  Use of undefined constant ‘thachpham_pagination’ - assumed '‘thachpham_pagination’' (this will throw an Error in a future version of PHP) in C:\xampp\htdocs\project-ASIAvinaFans\wp-content\themes\ASIAvinaFans\functions.php on line 71
[27-Mar-2022 16:57:37 UTC] PHP Warning:  Use of undefined constant ‘thachpham_pagination’ - assumed '‘thachpham_pagination’' (this will throw an Error in a future version of PHP) in C:\xampp\htdocs\project-ASIAvinaFans\wp-content\themes\ASIAvinaFans\functions.php on line 71
[27-Mar-2022 16:58:31 UTC] PHP Warning:  Use of undefined constant ” - assumed '”' (this will throw an Error in a future version of PHP) in C:\xampp\htdocs\project-ASIAvinaFans\wp-content\themes\ASIAvinaFans\functions.php on line 78
[27-Mar-2022 16:58:49 UTC] PHP Warning:  Use of undefined constant ” - assumed '”' (this will throw an Error in a future version of PHP) in C:\xampp\htdocs\project-ASIAvinaFans\wp-content\themes\ASIAvinaFans\functions.php on line 78
[27-Mar-2022 16:59:19 UTC] PHP Warning:  Use of undefined constant ” - assumed '”' (this will throw an Error in a future version of PHP) in C:\xampp\htdocs\project-ASIAvinaFans\wp-content\themes\ASIAvinaFans\functions.php on line 78
[27-Mar-2022 16:59:21 UTC] PHP Warning:  Use of undefined constant ” - assumed '”' (this will throw an Error in a future version of PHP) in C:\xampp\htdocs\project-ASIAvinaFans\wp-content\themes\ASIAvinaFans\functions.php on line 78
[27-Mar-2022 17:01:03 UTC] PHP Warning:  Use of undefined constant ” - assumed '”' (this will throw an Error in a future version of PHP) in C:\xampp\htdocs\project-ASIAvinaFans\wp-content\themes\ASIAvinaFans\functions.php on line 78
[27-Mar-2022 17:02:15 UTC] PHP Warning:  Use of undefined constant ” - assumed '”' (this will throw an Error in a future version of PHP) in C:\xampp\htdocs\project-ASIAvinaFans\wp-content\themes\ASIAvinaFans\functions.php on line 78
[27-Mar-2022 17:04:59 UTC] PHP Warning:  Use of undefined constant ” - assumed '”' (this will throw an Error in a future version of PHP) in C:\xampp\htdocs\project-ASIAvinaFans\wp-content\themes\ASIAvinaFans\functions.php on line 78
[27-Mar-2022 17:04:59 UTC] PHP Warning:  Use of undefined constant ” - assumed '”' (this will throw an Error in a future version of PHP) in C:\xampp\htdocs\project-ASIAvinaFans\wp-content\themes\ASIAvinaFans\functions.php on line 78
[27-Mar-2022 17:04:59 UTC] PHP Warning:  Use of undefined constant ” - assumed '”' (this will throw an Error in a future version of PHP) in C:\xampp\htdocs\project-ASIAvinaFans\wp-content\themes\ASIAvinaFans\functions.php on line 78
[27-Mar-2022 17:04:59 UTC] PHP Warning:  Use of undefined constant ” - assumed '”' (this will throw an Error in a future version of PHP) in C:\xampp\htdocs\project-ASIAvinaFans\wp-content\themes\ASIAvinaFans\functions.php on line 78
[27-Mar-2022 17:04:59 UTC] PHP Warning:  Use of undefined constant ” - assumed '”' (this will throw an Error in a future version of PHP) in C:\xampp\htdocs\project-ASIAvinaFans\wp-content\themes\ASIAvinaFans\functions.php on line 78
[27-Mar-2022 17:04:59 UTC] PHP Warning:  Use of undefined constant ” - assumed '”' (this will throw an Error in a future version of PHP) in C:\xampp\htdocs\project-ASIAvinaFans\wp-content\themes\ASIAvinaFans\functions.php on line 78
[27-Mar-2022 17:05:12 UTC] PHP Warning:  Use of undefined constant ” - assumed '”' (this will throw an Error in a future version of PHP) in C:\xampp\htdocs\project-ASIAvinaFans\wp-content\themes\ASIAvinaFans\functions.php on line 78
[27-Mar-2022 17:05:12 UTC] PHP Warning:  Use of undefined constant ” - assumed '”' (this will throw an Error in a future version of PHP) in C:\xampp\htdocs\project-ASIAvinaFans\wp-content\themes\ASIAvinaFans\functions.php on line 78
[27-Mar-2022 17:05:12 UTC] PHP Warning:  Use of undefined constant ” - assumed '”' (this will throw an Error in a future version of PHP) in C:\xampp\htdocs\project-ASIAvinaFans\wp-content\themes\ASIAvinaFans\functions.php on line 78
[27-Mar-2022 17:05:12 UTC] PHP Warning:  Use of undefined constant ” - assumed '”' (this will throw an Error in a future version of PHP) in C:\xampp\htdocs\project-ASIAvinaFans\wp-content\themes\ASIAvinaFans\functions.php on line 78
[27-Mar-2022 17:05:12 UTC] PHP Warning:  Use of undefined constant ” - assumed '”' (this will throw an Error in a future version of PHP) in C:\xampp\htdocs\project-ASIAvinaFans\wp-content\themes\ASIAvinaFans\functions.php on line 78
[27-Mar-2022 17:05:12 UTC] PHP Warning:  Use of undefined constant ” - assumed '”' (this will throw an Error in a future version of PHP) in C:\xampp\htdocs\project-ASIAvinaFans\wp-content\themes\ASIAvinaFans\functions.php on line 78
[27-Mar-2022 17:05:15 UTC] PHP Warning:  Use of undefined constant ” - assumed '”' (this will throw an Error in a future version of PHP) in C:\xampp\htdocs\project-ASIAvinaFans\wp-content\themes\ASIAvinaFans\functions.php on line 78
[27-Mar-2022 17:05:15 UTC] PHP Warning:  Use of undefined constant ” - assumed '”' (this will throw an Error in a future version of PHP) in C:\xampp\htdocs\project-ASIAvinaFans\wp-content\themes\ASIAvinaFans\functions.php on line 78
[27-Mar-2022 17:05:15 UTC] PHP Warning:  Use of undefined constant ” - assumed '”' (this will throw an Error in a future version of PHP) in C:\xampp\htdocs\project-ASIAvinaFans\wp-content\themes\ASIAvinaFans\functions.php on line 78
[27-Mar-2022 17:05:15 UTC] PHP Warning:  Use of undefined constant ” - assumed '”' (this will throw an Error in a future version of PHP) in C:\xampp\htdocs\project-ASIAvinaFans\wp-content\themes\ASIAvinaFans\functions.php on line 78
[27-Mar-2022 17:05:15 UTC] PHP Warning:  Use of undefined constant ” - assumed '”' (this will throw an Error in a future version of PHP) in C:\xampp\htdocs\project-ASIAvinaFans\wp-content\themes\ASIAvinaFans\functions.php on line 78
[27-Mar-2022 17:05:15 UTC] PHP Warning:  Use of undefined constant ” - assumed '”' (this will throw an Error in a future version of PHP) in C:\xampp\htdocs\project-ASIAvinaFans\wp-content\themes\ASIAvinaFans\functions.php on line 78
[27-Mar-2022 17:05:33 UTC] PHP Warning:  Use of undefined constant ” - assumed '”' (this will throw an Error in a future version of PHP) in C:\xampp\htdocs\project-ASIAvinaFans\wp-content\themes\ASIAvinaFans\functions.php on line 78
[27-Mar-2022 17:05:55 UTC] PHP Warning:  Use of undefined constant ” - assumed '”' (this will throw an Error in a future version of PHP) in C:\xampp\htdocs\project-ASIAvinaFans\wp-content\themes\ASIAvinaFans\functions.php on line 78
[27-Mar-2022 17:06:28 UTC] PHP Warning:  Use of undefined constant ” - assumed '”' (this will throw an Error in a future version of PHP) in C:\xampp\htdocs\project-ASIAvinaFans\wp-content\themes\ASIAvinaFans\functions.php on line 74
[27-Mar-2022 17:06:52 UTC] PHP Warning:  Use of undefined constant ” - assumed '”' (this will throw an Error in a future version of PHP) in C:\xampp\htdocs\project-ASIAvinaFans\wp-content\themes\ASIAvinaFans\functions.php on line 74
[27-Mar-2022 17:06:58 UTC] PHP Warning:  Use of undefined constant ” - assumed '”' (this will throw an Error in a future version of PHP) in C:\xampp\htdocs\project-ASIAvinaFans\wp-content\themes\ASIAvinaFans\functions.php on line 74
[27-Mar-2022 17:16:30 UTC] PHP Warning:  Use of undefined constant ” - assumed '”' (this will throw an Error in a future version of PHP) in C:\xampp\htdocs\project-ASIAvinaFans\wp-content\themes\ASIAvinaFans\functions.php on line 74
[27-Mar-2022 17:16:30 UTC] PHP Warning:  Use of undefined constant get_func - assumed 'get_func' (this will throw an Error in a future version of PHP) in C:\xampp\htdocs\project-ASIAvinaFans\wp-content\themes\ASIAvinaFans\index.php on line 12
[27-Mar-2022 17:17:28 UTC] PHP Warning:  Use of undefined constant ” - assumed '”' (this will throw an Error in a future version of PHP) in C:\xampp\htdocs\project-ASIAvinaFans\wp-content\themes\ASIAvinaFans\functions.php on line 74
[27-Mar-2022 17:17:28 UTC] PHP Warning:  Use of undefined constant get_func - assumed 'get_func' (this will throw an Error in a future version of PHP) in C:\xampp\htdocs\project-ASIAvinaFans\wp-content\themes\ASIAvinaFans\index.php on line 12
[27-Mar-2022 17:17:29 UTC] PHP Warning:  Use of undefined constant ” - assumed '”' (this will throw an Error in a future version of PHP) in C:\xampp\htdocs\project-ASIAvinaFans\wp-content\themes\ASIAvinaFans\functions.php on line 74
[27-Mar-2022 17:17:29 UTC] PHP Warning:  Use of undefined constant get_func - assumed 'get_func' (this will throw an Error in a future version of PHP) in C:\xampp\htdocs\project-ASIAvinaFans\wp-content\themes\ASIAvinaFans\index.php on line 12
[27-Mar-2022 17:23:18 UTC] PHP Notice:  is_main_query được gọi là <strong>không chính xác</strong>. Trong <code>pre_get_posts</code>, sử dụng phương thức <code>WP_Query->is_main_query()</code>, không dùng hàm <code>is_main_query()</code>. Xem thêm https://developer.wordpress.org/reference/functions/is_main_query/. Vui lòng xem <a href="https://wordpress.org/support/article/debugging-in-wordpress/">Hướng dẫn Debug trong WordPress</a> để biết thêm thông tin. (Thông điệp này đã được thêm vào trong phiên bản 3.7.0.) in C:\xampp\htdocs\project-ASIAvinaFans\wp-includes\functions.php on line 5768
[27-Mar-2022 17:23:18 UTC] PHP Notice:  is_main_query được gọi là <strong>không chính xác</strong>. Trong <code>pre_get_posts</code>, sử dụng phương thức <code>WP_Query->is_main_query()</code>, không dùng hàm <code>is_main_query()</code>. Xem thêm https://developer.wordpress.org/reference/functions/is_main_query/. Vui lòng xem <a href="https://wordpress.org/support/article/debugging-in-wordpress/">Hướng dẫn Debug trong WordPress</a> để biết thêm thông tin. (Thông điệp này đã được thêm vào trong phiên bản 3.7.0.) in C:\xampp\htdocs\project-ASIAvinaFans\wp-includes\functions.php on line 5768
[27-Mar-2022 17:23:18 UTC] PHP Notice:  is_main_query được gọi là <strong>không chính xác</strong>. Trong <code>pre_get_posts</code>, sử dụng phương thức <code>WP_Query->is_main_query()</code>, không dùng hàm <code>is_main_query()</code>. Xem thêm https://developer.wordpress.org/reference/functions/is_main_query/. Vui lòng xem <a href="https://wordpress.org/support/article/debugging-in-wordpress/">Hướng dẫn Debug trong WordPress</a> để biết thêm thông tin. (Thông điệp này đã được thêm vào trong phiên bản 3.7.0.) in C:\xampp\htdocs\project-ASIAvinaFans\wp-includes\functions.php on line 5768
[27-Mar-2022 17:23:18 UTC] PHP Notice:  Undefined index: post_type in C:\xampp\htdocs\project-ASIAvinaFans\wp-content\themes\ASIAvinaFans\functions.php on line 117
[27-Mar-2022 17:23:18 UTC] PHP Notice:  is_main_query được gọi là <strong>không chính xác</strong>. Trong <code>pre_get_posts</code>, sử dụng phương thức <code>WP_Query->is_main_query()</code>, không dùng hàm <code>is_main_query()</code>. Xem thêm https://developer.wordpress.org/reference/functions/is_main_query/. Vui lòng xem <a href="https://wordpress.org/support/article/debugging-in-wordpress/">Hướng dẫn Debug trong WordPress</a> để biết thêm thông tin. (Thông điệp này đã được thêm vào trong phiên bản 3.7.0.) in C:\xampp\htdocs\project-ASIAvinaFans\wp-includes\functions.php on line 5768
[27-Mar-2022 17:23:18 UTC] PHP Notice:  is_main_query được gọi là <strong>không chính xác</strong>. Trong <code>pre_get_posts</code>, sử dụng phương thức <code>WP_Query->is_main_query()</code>, không dùng hàm <code>is_main_query()</code>. Xem thêm https://developer.wordpress.org/reference/functions/is_main_query/. Vui lòng xem <a href="https://wordpress.org/support/article/debugging-in-wordpress/">Hướng dẫn Debug trong WordPress</a> để biết thêm thông tin. (Thông điệp này đã được thêm vào trong phiên bản 3.7.0.) in C:\xampp\htdocs\project-ASIAvinaFans\wp-includes\functions.php on line 5768
[27-Mar-2022 17:23:18 UTC] PHP Notice:  is_main_query được gọi là <strong>không chính xác</strong>. Trong <code>pre_get_posts</code>, sử dụng phương thức <code>WP_Query->is_main_query()</code>, không dùng hàm <code>is_main_query()</code>. Xem thêm https://developer.wordpress.org/reference/functions/is_main_query/. Vui lòng xem <a href="https://wordpress.org/support/article/debugging-in-wordpress/">Hướng dẫn Debug trong WordPress</a> để biết thêm thông tin. (Thông điệp này đã được thêm vào trong phiên bản 3.7.0.) in C:\xampp\htdocs\project-ASIAvinaFans\wp-includes\functions.php on line 5768
[27-Mar-2022 17:23:18 UTC] PHP Notice:  is_main_query được gọi là <strong>không chính xác</strong>. Trong <code>pre_get_posts</code>, sử dụng phương thức <code>WP_Query->is_main_query()</code>, không dùng hàm <code>is_main_query()</code>. Xem thêm https://developer.wordpress.org/reference/functions/is_main_query/. Vui lòng xem <a href="https://wordpress.org/support/article/debugging-in-wordpress/">Hướng dẫn Debug trong WordPress</a> để biết thêm thông tin. (Thông điệp này đã được thêm vào trong phiên bản 3.7.0.) in C:\xampp\htdocs\project-ASIAvinaFans\wp-includes\functions.php on line 5768
[27-Mar-2022 17:23:18 UTC] PHP Warning:  Use of undefined constant ” - assumed '”' (this will throw an Error in a future version of PHP) in C:\xampp\htdocs\project-ASIAvinaFans\wp-content\themes\ASIAvinaFans\functions.php on line 74
[27-Mar-2022 17:23:18 UTC] PHP Warning:  Use of undefined constant get_func - assumed 'get_func' (this will throw an Error in a future version of PHP) in C:\xampp\htdocs\project-ASIAvinaFans\wp-content\themes\ASIAvinaFans\index.php on line 12
[27-Mar-2022 17:23:34 UTC] PHP Notice:  is_main_query được gọi là <strong>không chính xác</strong>. Trong <code>pre_get_posts</code>, sử dụng phương thức <code>WP_Query->is_main_query()</code>, không dùng hàm <code>is_main_query()</code>. Xem thêm https://developer.wordpress.org/reference/functions/is_main_query/. Vui lòng xem <a href="https://wordpress.org/support/article/debugging-in-wordpress/">Hướng dẫn Debug trong WordPress</a> để biết thêm thông tin. (Thông điệp này đã được thêm vào trong phiên bản 3.7.0.) in C:\xampp\htdocs\project-ASIAvinaFans\wp-includes\functions.php on line 5768
[27-Mar-2022 17:23:42 UTC] PHP Notice:  wp_enqueue_script() được gọi là <strong>không chính xác</strong>. "wp-editor" script should not be enqueued together with the new widgets editor (wp-edit-widgets or wp-customize-widgets). Vui lòng xem <a href="https://wordpress.org/support/article/debugging-in-wordpress/">Hướng dẫn Debug trong WordPress</a> để biết thêm thông tin. (Thông điệp này đã được thêm vào trong phiên bản 5.8.0.) in C:\xampp\htdocs\project-ASIAvinaFans\wp-includes\functions.php on line 5768
[27-Mar-2022 17:23:44 UTC] PHP Notice:  is_main_query được gọi là <strong>không chính xác</strong>. Trong <code>pre_get_posts</code>, sử dụng phương thức <code>WP_Query->is_main_query()</code>, không dùng hàm <code>is_main_query()</code>. Xem thêm https://developer.wordpress.org/reference/functions/is_main_query/. Vui lòng xem <a href="https://wordpress.org/support/article/debugging-in-wordpress/">Hướng dẫn Debug trong WordPress</a> để biết thêm thông tin. (Thông điệp này đã được thêm vào trong phiên bản 3.7.0.) in C:\xampp\htdocs\project-ASIAvinaFans\wp-includes\functions.php on line 5768
[27-Mar-2022 17:23:44 UTC] PHP Notice:  is_main_query được gọi là <strong>không chính xác</strong>. Trong <code>pre_get_posts</code>, sử dụng phương thức <code>WP_Query->is_main_query()</code>, không dùng hàm <code>is_main_query()</code>. Xem thêm https://developer.wordpress.org/reference/functions/is_main_query/. Vui lòng xem <a href="https://wordpress.org/support/article/debugging-in-wordpress/">Hướng dẫn Debug trong WordPress</a> để biết thêm thông tin. (Thông điệp này đã được thêm vào trong phiên bản 3.7.0.) in C:\xampp\htdocs\project-ASIAvinaFans\wp-includes\functions.php on line 5768
[27-Mar-2022 17:23:44 UTC] PHP Notice:  is_main_query được gọi là <strong>không chính xác</strong>. Trong <code>pre_get_posts</code>, sử dụng phương thức <code>WP_Query->is_main_query()</code>, không dùng hàm <code>is_main_query()</code>. Xem thêm https://developer.wordpress.org/reference/functions/is_main_query/. Vui lòng xem <a href="https://wordpress.org/support/article/debugging-in-wordpress/">Hướng dẫn Debug trong WordPress</a> để biết thêm thông tin. (Thông điệp này đã được thêm vào trong phiên bản 3.7.0.) in C:\xampp\htdocs\project-ASIAvinaFans\wp-includes\functions.php on line 5768
[27-Mar-2022 17:23:44 UTC] PHP Notice:  is_main_query được gọi là <strong>không chính xác</strong>. Trong <code>pre_get_posts</code>, sử dụng phương thức <code>WP_Query->is_main_query()</code>, không dùng hàm <code>is_main_query()</code>. Xem thêm https://developer.wordpress.org/reference/functions/is_main_query/. Vui lòng xem <a href="https://wordpress.org/support/article/debugging-in-wordpress/">Hướng dẫn Debug trong WordPress</a> để biết thêm thông tin. (Thông điệp này đã được thêm vào trong phiên bản 3.7.0.) in C:\xampp\htdocs\project-ASIAvinaFans\wp-includes\functions.php on line 5768
[27-Mar-2022 17:23:44 UTC] PHP Notice:  Undefined index: post_type in C:\xampp\htdocs\project-ASIAvinaFans\wp-content\themes\ASIAvinaFans\functions.php on line 117
[27-Mar-2022 17:23:44 UTC] PHP Notice:  is_main_query được gọi là <strong>không chính xác</strong>. Trong <code>pre_get_posts</code>, sử dụng phương thức <code>WP_Query->is_main_query()</code>, không dùng hàm <code>is_main_query()</code>. Xem thêm https://developer.wordpress.org/reference/functions/is_main_query/. Vui lòng xem <a href="https://wordpress.org/support/article/debugging-in-wordpress/">Hướng dẫn Debug trong WordPress</a> để biết thêm thông tin. (Thông điệp này đã được thêm vào trong phiên bản 3.7.0.) in C:\xampp\htdocs\project-ASIAvinaFans\wp-includes\functions.php on line 5768
[27-Mar-2022 17:23:44 UTC] PHP Notice:  Undefined index: post_type in C:\xampp\htdocs\project-ASIAvinaFans\wp-content\themes\ASIAvinaFans\functions.php on line 117
[27-Mar-2022 17:23:44 UTC] PHP Notice:  is_main_query được gọi là <strong>không chính xác</strong>. Trong <code>pre_get_posts</code>, sử dụng phương thức <code>WP_Query->is_main_query()</code>, không dùng hàm <code>is_main_query()</code>. Xem thêm https://developer.wordpress.org/reference/functions/is_main_query/. Vui lòng xem <a href="https://wordpress.org/support/article/debugging-in-wordpress/">Hướng dẫn Debug trong WordPress</a> để biết thêm thông tin. (Thông điệp này đã được thêm vào trong phiên bản 3.7.0.) in C:\xampp\htdocs\project-ASIAvinaFans\wp-includes\functions.php on line 5768
[27-Mar-2022 17:23:44 UTC] PHP Notice:  is_main_query được gọi là <strong>không chính xác</strong>. Trong <code>pre_get_posts</code>, sử dụng phương thức <code>WP_Query->is_main_query()</code>, không dùng hàm <code>is_main_query()</code>. Xem thêm https://developer.wordpress.org/reference/functions/is_main_query/. Vui lòng xem <a href="https://wordpress.org/support/article/debugging-in-wordpress/">Hướng dẫn Debug trong WordPress</a> để biết thêm thông tin. (Thông điệp này đã được thêm vào trong phiên bản 3.7.0.) in C:\xampp\htdocs\project-ASIAvinaFans\wp-includes\functions.php on line 5768
[27-Mar-2022 17:23:44 UTC] PHP Notice:  is_main_query được gọi là <strong>không chính xác</strong>. Trong <code>pre_get_posts</code>, sử dụng phương thức <code>WP_Query->is_main_query()</code>, không dùng hàm <code>is_main_query()</code>. Xem thêm https://developer.wordpress.org/reference/functions/is_main_query/. Vui lòng xem <a href="https://wordpress.org/support/article/debugging-in-wordpress/">Hướng dẫn Debug trong WordPress</a> để biết thêm thông tin. (Thông điệp này đã được thêm vào trong phiên bản 3.7.0.) in C:\xampp\htdocs\project-ASIAvinaFans\wp-includes\functions.php on line 5768
[27-Mar-2022 17:23:44 UTC] PHP Notice:  is_main_query được gọi là <strong>không chính xác</strong>. Trong <code>pre_get_posts</code>, sử dụng phương thức <code>WP_Query->is_main_query()</code>, không dùng hàm <code>is_main_query()</code>. Xem thêm https://developer.wordpress.org/reference/functions/is_main_query/. Vui lòng xem <a href="https://wordpress.org/support/article/debugging-in-wordpress/">Hướng dẫn Debug trong WordPress</a> để biết thêm thông tin. (Thông điệp này đã được thêm vào trong phiên bản 3.7.0.) in C:\xampp\htdocs\project-ASIAvinaFans\wp-includes\functions.php on line 5768
[27-Mar-2022 17:23:44 UTC] PHP Notice:  is_main_query được gọi là <strong>không chính xác</strong>. Trong <code>pre_get_posts</code>, sử dụng phương thức <code>WP_Query->is_main_query()</code>, không dùng hàm <code>is_main_query()</code>. Xem thêm https://developer.wordpress.org/reference/functions/is_main_query/. Vui lòng xem <a href="https://wordpress.org/support/article/debugging-in-wordpress/">Hướng dẫn Debug trong WordPress</a> để biết thêm thông tin. (Thông điệp này đã được thêm vào trong phiên bản 3.7.0.) in C:\xampp\htdocs\project-ASIAvinaFans\wp-includes\functions.php on line 5768
[27-Mar-2022 17:23:44 UTC] PHP Notice:  is_main_query được gọi là <strong>không chính xác</strong>. Trong <code>pre_get_posts</code>, sử dụng phương thức <code>WP_Query->is_main_query()</code>, không dùng hàm <code>is_main_query()</code>. Xem thêm https://developer.wordpress.org/reference/functions/is_main_query/. Vui lòng xem <a href="https://wordpress.org/support/article/debugging-in-wordpress/">Hướng dẫn Debug trong WordPress</a> để biết thêm thông tin. (Thông điệp này đã được thêm vào trong phiên bản 3.7.0.) in C:\xampp\htdocs\project-ASIAvinaFans\wp-includes\functions.php on line 5768
[27-Mar-2022 17:23:44 UTC] PHP Notice:  is_main_query được gọi là <strong>không chính xác</strong>. Trong <code>pre_get_posts</code>, sử dụng phương thức <code>WP_Query->is_main_query()</code>, không dùng hàm <code>is_main_query()</code>. Xem thêm https://developer.wordpress.org/reference/functions/is_main_query/. Vui lòng xem <a href="https://wordpress.org/support/article/debugging-in-wordpress/">Hướng dẫn Debug trong WordPress</a> để biết thêm thông tin. (Thông điệp này đã được thêm vào trong phiên bản 3.7.0.) in C:\xampp\htdocs\project-ASIAvinaFans\wp-includes\functions.php on line 5768
[27-Mar-2022 17:23:44 UTC] PHP Notice:  is_main_query được gọi là <strong>không chính xác</strong>. Trong <code>pre_get_posts</code>, sử dụng phương thức <code>WP_Query->is_main_query()</code>, không dùng hàm <code>is_main_query()</code>. Xem thêm https://developer.wordpress.org/reference/functions/is_main_query/. Vui lòng xem <a href="https://wordpress.org/support/article/debugging-in-wordpress/">Hướng dẫn Debug trong WordPress</a> để biết thêm thông tin. (Thông điệp này đã được thêm vào trong phiên bản 3.7.0.) in C:\xampp\htdocs\project-ASIAvinaFans\wp-includes\functions.php on line 5768
[27-Mar-2022 17:23:44 UTC] PHP Notice:  Undefined index: post_type in C:\xampp\htdocs\project-ASIAvinaFans\wp-content\themes\ASIAvinaFans\functions.php on line 117
[27-Mar-2022 17:23:44 UTC] PHP Notice:  is_main_query được gọi là <strong>không chính xác</strong>. Trong <code>pre_get_posts</code>, sử dụng phương thức <code>WP_Query->is_main_query()</code>, không dùng hàm <code>is_main_query()</code>. Xem thêm https://developer.wordpress.org/reference/functions/is_main_query/. Vui lòng xem <a href="https://wordpress.org/support/article/debugging-in-wordpress/">Hướng dẫn Debug trong WordPress</a> để biết thêm thông tin. (Thông điệp này đã được thêm vào trong phiên bản 3.7.0.) in C:\xampp\htdocs\project-ASIAvinaFans\wp-includes\functions.php on line 5768
[27-Mar-2022 17:23:44 UTC] PHP Notice:  is_main_query được gọi là <strong>không chính xác</strong>. Trong <code>pre_get_posts</code>, sử dụng phương thức <code>WP_Query->is_main_query()</code>, không dùng hàm <code>is_main_query()</code>. Xem thêm https://developer.wordpress.org/reference/functions/is_main_query/. Vui lòng xem <a href="https://wordpress.org/support/article/debugging-in-wordpress/">Hướng dẫn Debug trong WordPress</a> để biết thêm thông tin. (Thông điệp này đã được thêm vào trong phiên bản 3.7.0.) in C:\xampp\htdocs\project-ASIAvinaFans\wp-includes\functions.php on line 5768
[27-Mar-2022 17:23:44 UTC] PHP Notice:  is_main_query được gọi là <strong>không chính xác</strong>. Trong <code>pre_get_posts</code>, sử dụng phương thức <code>WP_Query->is_main_query()</code>, không dùng hàm <code>is_main_query()</code>. Xem thêm https://developer.wordpress.org/reference/functions/is_main_query/. Vui lòng xem <a href="https://wordpress.org/support/article/debugging-in-wordpress/">Hướng dẫn Debug trong WordPress</a> để biết thêm thông tin. (Thông điệp này đã được thêm vào trong phiên bản 3.7.0.) in C:\xampp\htdocs\project-ASIAvinaFans\wp-includes\functions.php on line 5768
[27-Mar-2022 17:23:44 UTC] PHP Notice:  is_main_query được gọi là <strong>không chính xác</strong>. Trong <code>pre_get_posts</code>, sử dụng phương thức <code>WP_Query->is_main_query()</code>, không dùng hàm <code>is_main_query()</code>. Xem thêm https://developer.wordpress.org/reference/functions/is_main_query/. Vui lòng xem <a href="https://wordpress.org/support/article/debugging-in-wordpress/">Hướng dẫn Debug trong WordPress</a> để biết thêm thông tin. (Thông điệp này đã được thêm vào trong phiên bản 3.7.0.) in C:\xampp\htdocs\project-ASIAvinaFans\wp-includes\functions.php on line 5768
[27-Mar-2022 17:23:44 UTC] PHP Warning:  Use of undefined constant ” - assumed '”' (this will throw an Error in a future version of PHP) in C:\xampp\htdocs\project-ASIAvinaFans\wp-content\themes\ASIAvinaFans\functions.php on line 74
[27-Mar-2022 17:23:44 UTC] PHP Warning:  Use of undefined constant get_func - assumed 'get_func' (this will throw an Error in a future version of PHP) in C:\xampp\htdocs\project-ASIAvinaFans\wp-content\themes\ASIAvinaFans\index.php on line 12
[27-Mar-2022 17:23:45 UTC] PHP Notice:  is_main_query được gọi là <strong>không chính xác</strong>. Trong <code>pre_get_posts</code>, sử dụng phương thức <code>WP_Query->is_main_query()</code>, không dùng hàm <code>is_main_query()</code>. Xem thêm https://developer.wordpress.org/reference/functions/is_main_query/. Vui lòng xem <a href="https://wordpress.org/support/article/debugging-in-wordpress/">Hướng dẫn Debug trong WordPress</a> để biết thêm thông tin. (Thông điệp này đã được thêm vào trong phiên bản 3.7.0.) in C:\xampp\htdocs\project-ASIAvinaFans\wp-includes\functions.php on line 5768
[27-Mar-2022 17:23:45 UTC] PHP Notice:  is_main_query được gọi là <strong>không chính xác</strong>. Trong <code>pre_get_posts</code>, sử dụng phương thức <code>WP_Query->is_main_query()</code>, không dùng hàm <code>is_main_query()</code>. Xem thêm https://developer.wordpress.org/reference/functions/is_main_query/. Vui lòng xem <a href="https://wordpress.org/support/article/debugging-in-wordpress/">Hướng dẫn Debug trong WordPress</a> để biết thêm thông tin. (Thông điệp này đã được thêm vào trong phiên bản 3.7.0.) in C:\xampp\htdocs\project-ASIAvinaFans\wp-includes\functions.php on line 5768
[27-Mar-2022 17:23:46 UTC] PHP Notice:  is_main_query được gọi là <strong>không chính xác</strong>. Trong <code>pre_get_posts</code>, sử dụng phương thức <code>WP_Query->is_main_query()</code>, không dùng hàm <code>is_main_query()</code>. Xem thêm https://developer.wordpress.org/reference/functions/is_main_query/. Vui lòng xem <a href="https://wordpress.org/support/article/debugging-in-wordpress/">Hướng dẫn Debug trong WordPress</a> để biết thêm thông tin. (Thông điệp này đã được thêm vào trong phiên bản 3.7.0.) in C:\xampp\htdocs\project-ASIAvinaFans\wp-includes\functions.php on line 5768
[27-Mar-2022 17:23:46 UTC] PHP Notice:  is_main_query được gọi là <strong>không chính xác</strong>. Trong <code>pre_get_posts</code>, sử dụng phương thức <code>WP_Query->is_main_query()</code>, không dùng hàm <code>is_main_query()</code>. Xem thêm https://developer.wordpress.org/reference/functions/is_main_query/. Vui lòng xem <a href="https://wordpress.org/support/article/debugging-in-wordpress/">Hướng dẫn Debug trong WordPress</a> để biết thêm thông tin. (Thông điệp này đã được thêm vào trong phiên bản 3.7.0.) in C:\xampp\htdocs\project-ASIAvinaFans\wp-includes\functions.php on line 5768
[27-Mar-2022 17:23:46 UTC] PHP Notice:  is_main_query được gọi là <strong>không chính xác</strong>. Trong <code>pre_get_posts</code>, sử dụng phương thức <code>WP_Query->is_main_query()</code>, không dùng hàm <code>is_main_query()</code>. Xem thêm https://developer.wordpress.org/reference/functions/is_main_query/. Vui lòng xem <a href="https://wordpress.org/support/article/debugging-in-wordpress/">Hướng dẫn Debug trong WordPress</a> để biết thêm thông tin. (Thông điệp này đã được thêm vào trong phiên bản 3.7.0.) in C:\xampp\htdocs\project-ASIAvinaFans\wp-includes\functions.php on line 5768
[27-Mar-2022 17:23:47 UTC] PHP Notice:  is_main_query được gọi là <strong>không chính xác</strong>. Trong <code>pre_get_posts</code>, sử dụng phương thức <code>WP_Query->is_main_query()</code>, không dùng hàm <code>is_main_query()</code>. Xem thêm https://developer.wordpress.org/reference/functions/is_main_query/. Vui lòng xem <a href="https://wordpress.org/support/article/debugging-in-wordpress/">Hướng dẫn Debug trong WordPress</a> để biết thêm thông tin. (Thông điệp này đã được thêm vào trong phiên bản 3.7.0.) in C:\xampp\htdocs\project-ASIAvinaFans\wp-includes\functions.php on line 5768
[27-Mar-2022 17:23:47 UTC] PHP Notice:  is_main_query được gọi là <strong>không chính xác</strong>. Trong <code>pre_get_posts</code>, sử dụng phương thức <code>WP_Query->is_main_query()</code>, không dùng hàm <code>is_main_query()</code>. Xem thêm https://developer.wordpress.org/reference/functions/is_main_query/. Vui lòng xem <a href="https://wordpress.org/support/article/debugging-in-wordpress/">Hướng dẫn Debug trong WordPress</a> để biết thêm thông tin. (Thông điệp này đã được thêm vào trong phiên bản 3.7.0.) in C:\xampp\htdocs\project-ASIAvinaFans\wp-includes\functions.php on line 5768
[27-Mar-2022 17:23:47 UTC] PHP Notice:  is_main_query được gọi là <strong>không chính xác</strong>. Trong <code>pre_get_posts</code>, sử dụng phương thức <code>WP_Query->is_main_query()</code>, không dùng hàm <code>is_main_query()</code>. Xem thêm https://developer.wordpress.org/reference/functions/is_main_query/. Vui lòng xem <a href="https://wordpress.org/support/article/debugging-in-wordpress/">Hướng dẫn Debug trong WordPress</a> để biết thêm thông tin. (Thông điệp này đã được thêm vào trong phiên bản 3.7.0.) in C:\xampp\htdocs\project-ASIAvinaFans\wp-includes\functions.php on line 5768
[27-Mar-2022 17:23:47 UTC] PHP Notice:  is_main_query được gọi là <strong>không chính xác</strong>. Trong <code>pre_get_posts</code>, sử dụng phương thức <code>WP_Query->is_main_query()</code>, không dùng hàm <code>is_main_query()</code>. Xem thêm https://developer.wordpress.org/reference/functions/is_main_query/. Vui lòng xem <a href="https://wordpress.org/support/article/debugging-in-wordpress/">Hướng dẫn Debug trong WordPress</a> để biết thêm thông tin. (Thông điệp này đã được thêm vào trong phiên bản 3.7.0.) in C:\xampp\htdocs\project-ASIAvinaFans\wp-includes\functions.php on line 5768
[27-Mar-2022 17:23:47 UTC] PHP Notice:  is_main_query được gọi là <strong>không chính xác</strong>. Trong <code>pre_get_posts</code>, sử dụng phương thức <code>WP_Query->is_main_query()</code>, không dùng hàm <code>is_main_query()</code>. Xem thêm https://developer.wordpress.org/reference/functions/is_main_query/. Vui lòng xem <a href="https://wordpress.org/support/article/debugging-in-wordpress/">Hướng dẫn Debug trong WordPress</a> để biết thêm thông tin. (Thông điệp này đã được thêm vào trong phiên bản 3.7.0.) in C:\xampp\htdocs\project-ASIAvinaFans\wp-includes\functions.php on line 5768
[27-Mar-2022 17:23:47 UTC] PHP Notice:  is_main_query được gọi là <strong>không chính xác</strong>. Trong <code>pre_get_posts</code>, sử dụng phương thức <code>WP_Query->is_main_query()</code>, không dùng hàm <code>is_main_query()</code>. Xem thêm https://developer.wordpress.org/reference/functions/is_main_query/. Vui lòng xem <a href="https://wordpress.org/support/article/debugging-in-wordpress/">Hướng dẫn Debug trong WordPress</a> để biết thêm thông tin. (Thông điệp này đã được thêm vào trong phiên bản 3.7.0.) in C:\xampp\htdocs\project-ASIAvinaFans\wp-includes\functions.php on line 5768
[27-Mar-2022 17:23:47 UTC] PHP Notice:  is_main_query được gọi là <strong>không chính xác</strong>. Trong <code>pre_get_posts</code>, sử dụng phương thức <code>WP_Query->is_main_query()</code>, không dùng hàm <code>is_main_query()</code>. Xem thêm https://developer.wordpress.org/reference/functions/is_main_query/. Vui lòng xem <a href="https://wordpress.org/support/article/debugging-in-wordpress/">Hướng dẫn Debug trong WordPress</a> để biết thêm thông tin. (Thông điệp này đã được thêm vào trong phiên bản 3.7.0.) in C:\xampp\htdocs\project-ASIAvinaFans\wp-includes\functions.php on line 5768
[27-Mar-2022 17:23:48 UTC] PHP Notice:  is_main_query được gọi là <strong>không chính xác</strong>. Trong <code>pre_get_posts</code>, sử dụng phương thức <code>WP_Query->is_main_query()</code>, không dùng hàm <code>is_main_query()</code>. Xem thêm https://developer.wordpress.org/reference/functions/is_main_query/. Vui lòng xem <a href="https://wordpress.org/support/article/debugging-in-wordpress/">Hướng dẫn Debug trong WordPress</a> để biết thêm thông tin. (Thông điệp này đã được thêm vào trong phiên bản 3.7.0.) in C:\xampp\htdocs\project-ASIAvinaFans\wp-includes\functions.php on line 5768
[27-Mar-2022 17:24:02 UTC] PHP Notice:  is_main_query được gọi là <strong>không chính xác</strong>. Trong <code>pre_get_posts</code>, sử dụng phương thức <code>WP_Query->is_main_query()</code>, không dùng hàm <code>is_main_query()</code>. Xem thêm https://developer.wordpress.org/reference/functions/is_main_query/. Vui lòng xem <a href="https://wordpress.org/support/article/debugging-in-wordpress/">Hướng dẫn Debug trong WordPress</a> để biết thêm thông tin. (Thông điệp này đã được thêm vào trong phiên bản 3.7.0.) in C:\xampp\htdocs\project-ASIAvinaFans\wp-includes\functions.php on line 5768
[27-Mar-2022 17:24:03 UTC] PHP Notice:  is_main_query được gọi là <strong>không chính xác</strong>. Trong <code>pre_get_posts</code>, sử dụng phương thức <code>WP_Query->is_main_query()</code>, không dùng hàm <code>is_main_query()</code>. Xem thêm https://developer.wordpress.org/reference/functions/is_main_query/. Vui lòng xem <a href="https://wordpress.org/support/article/debugging-in-wordpress/">Hướng dẫn Debug trong WordPress</a> để biết thêm thông tin. (Thông điệp này đã được thêm vào trong phiên bản 3.7.0.) in C:\xampp\htdocs\project-ASIAvinaFans\wp-includes\functions.php on line 5768
[27-Mar-2022 17:24:03 UTC] PHP Notice:  is_main_query được gọi là <strong>không chính xác</strong>. Trong <code>pre_get_posts</code>, sử dụng phương thức <code>WP_Query->is_main_query()</code>, không dùng hàm <code>is_main_query()</code>. Xem thêm https://developer.wordpress.org/reference/functions/is_main_query/. Vui lòng xem <a href="https://wordpress.org/support/article/debugging-in-wordpress/">Hướng dẫn Debug trong WordPress</a> để biết thêm thông tin. (Thông điệp này đã được thêm vào trong phiên bản 3.7.0.) in C:\xampp\htdocs\project-ASIAvinaFans\wp-includes\functions.php on line 5768
[27-Mar-2022 17:24:04 UTC] PHP Notice:  is_main_query được gọi là <strong>không chính xác</strong>. Trong <code>pre_get_posts</code>, sử dụng phương thức <code>WP_Query->is_main_query()</code>, không dùng hàm <code>is_main_query()</code>. Xem thêm https://developer.wordpress.org/reference/functions/is_main_query/. Vui lòng xem <a href="https://wordpress.org/support/article/debugging-in-wordpress/">Hướng dẫn Debug trong WordPress</a> để biết thêm thông tin. (Thông điệp này đã được thêm vào trong phiên bản 3.7.0.) in C:\xampp\htdocs\project-ASIAvinaFans\wp-includes\functions.php on line 5768
[27-Mar-2022 17:24:05 UTC] PHP Notice:  is_main_query được gọi là <strong>không chính xác</strong>. Trong <code>pre_get_posts</code>, sử dụng phương thức <code>WP_Query->is_main_query()</code>, không dùng hàm <code>is_main_query()</code>. Xem thêm https://developer.wordpress.org/reference/functions/is_main_query/. Vui lòng xem <a href="https://wordpress.org/support/article/debugging-in-wordpress/">Hướng dẫn Debug trong WordPress</a> để biết thêm thông tin. (Thông điệp này đã được thêm vào trong phiên bản 3.7.0.) in C:\xampp\htdocs\project-ASIAvinaFans\wp-includes\functions.php on line 5768
[27-Mar-2022 17:24:05 UTC] PHP Notice:  Undefined index: post_type in C:\xampp\htdocs\project-ASIAvinaFans\wp-content\themes\ASIAvinaFans\functions.php on line 117
[27-Mar-2022 17:24:05 UTC] PHP Notice:  is_main_query được gọi là <strong>không chính xác</strong>. Trong <code>pre_get_posts</code>, sử dụng phương thức <code>WP_Query->is_main_query()</code>, không dùng hàm <code>is_main_query()</code>. Xem thêm https://developer.wordpress.org/reference/functions/is_main_query/. Vui lòng xem <a href="https://wordpress.org/support/article/debugging-in-wordpress/">Hướng dẫn Debug trong WordPress</a> để biết thêm thông tin. (Thông điệp này đã được thêm vào trong phiên bản 3.7.0.) in C:\xampp\htdocs\project-ASIAvinaFans\wp-includes\functions.php on line 5768
[27-Mar-2022 17:24:05 UTC] PHP Notice:  is_main_query được gọi là <strong>không chính xác</strong>. Trong <code>pre_get_posts</code>, sử dụng phương thức <code>WP_Query->is_main_query()</code>, không dùng hàm <code>is_main_query()</code>. Xem thêm https://developer.wordpress.org/reference/functions/is_main_query/. Vui lòng xem <a href="https://wordpress.org/support/article/debugging-in-wordpress/">Hướng dẫn Debug trong WordPress</a> để biết thêm thông tin. (Thông điệp này đã được thêm vào trong phiên bản 3.7.0.) in C:\xampp\htdocs\project-ASIAvinaFans\wp-includes\functions.php on line 5768
[27-Mar-2022 17:24:05 UTC] PHP Notice:  is_main_query được gọi là <strong>không chính xác</strong>. Trong <code>pre_get_posts</code>, sử dụng phương thức <code>WP_Query->is_main_query()</code>, không dùng hàm <code>is_main_query()</code>. Xem thêm https://developer.wordpress.org/reference/functions/is_main_query/. Vui lòng xem <a href="https://wordpress.org/support/article/debugging-in-wordpress/">Hướng dẫn Debug trong WordPress</a> để biết thêm thông tin. (Thông điệp này đã được thêm vào trong phiên bản 3.7.0.) in C:\xampp\htdocs\project-ASIAvinaFans\wp-includes\functions.php on line 5768
[27-Mar-2022 17:24:05 UTC] PHP Notice:  is_main_query được gọi là <strong>không chính xác</strong>. Trong <code>pre_get_posts</code>, sử dụng phương thức <code>WP_Query->is_main_query()</code>, không dùng hàm <code>is_main_query()</code>. Xem thêm https://developer.wordpress.org/reference/functions/is_main_query/. Vui lòng xem <a href="https://wordpress.org/support/article/debugging-in-wordpress/">Hướng dẫn Debug trong WordPress</a> để biết thêm thông tin. (Thông điệp này đã được thêm vào trong phiên bản 3.7.0.) in C:\xampp\htdocs\project-ASIAvinaFans\wp-includes\functions.php on line 5768
[27-Mar-2022 17:24:05 UTC] PHP Warning:  Use of undefined constant ” - assumed '”' (this will throw an Error in a future version of PHP) in C:\xampp\htdocs\project-ASIAvinaFans\wp-content\themes\ASIAvinaFans\functions.php on line 74
[27-Mar-2022 17:24:05 UTC] PHP Warning:  Use of undefined constant get_func - assumed 'get_func' (this will throw an Error in a future version of PHP) in C:\xampp\htdocs\project-ASIAvinaFans\wp-content\themes\ASIAvinaFans\index.php on line 12
[27-Mar-2022 17:24:47 UTC] PHP Notice:  is_main_query được gọi là <strong>không chính xác</strong>. Trong <code>pre_get_posts</code>, sử dụng phương thức <code>WP_Query->is_main_query()</code>, không dùng hàm <code>is_main_query()</code>. Xem thêm https://developer.wordpress.org/reference/functions/is_main_query/. Vui lòng xem <a href="https://wordpress.org/support/article/debugging-in-wordpress/">Hướng dẫn Debug trong WordPress</a> để biết thêm thông tin. (Thông điệp này đã được thêm vào trong phiên bản 3.7.0.) in C:\xampp\htdocs\project-ASIAvinaFans\wp-includes\functions.php on line 5768
[27-Mar-2022 17:25:25 UTC] PHP Notice:  is_main_query được gọi là <strong>không chính xác</strong>. Trong <code>pre_get_posts</code>, sử dụng phương thức <code>WP_Query->is_main_query()</code>, không dùng hàm <code>is_main_query()</code>. Xem thêm https://developer.wordpress.org/reference/functions/is_main_query/. Vui lòng xem <a href="https://wordpress.org/support/article/debugging-in-wordpress/">Hướng dẫn Debug trong WordPress</a> để biết thêm thông tin. (Thông điệp này đã được thêm vào trong phiên bản 3.7.0.) in C:\xampp\htdocs\project-ASIAvinaFans\wp-includes\functions.php on line 5768
[27-Mar-2022 17:25:25 UTC] PHP Notice:  is_main_query được gọi là <strong>không chính xác</strong>. Trong <code>pre_get_posts</code>, sử dụng phương thức <code>WP_Query->is_main_query()</code>, không dùng hàm <code>is_main_query()</code>. Xem thêm https://developer.wordpress.org/reference/functions/is_main_query/. Vui lòng xem <a href="https://wordpress.org/support/article/debugging-in-wordpress/">Hướng dẫn Debug trong WordPress</a> để biết thêm thông tin. (Thông điệp này đã được thêm vào trong phiên bản 3.7.0.) in C:\xampp\htdocs\project-ASIAvinaFans\wp-includes\functions.php on line 5768
[27-Mar-2022 17:25:25 UTC] PHP Notice:  Undefined index: post_type in C:\xampp\htdocs\project-ASIAvinaFans\wp-content\themes\ASIAvinaFans\functions.php on line 117
[27-Mar-2022 17:26:46 UTC] PHP Notice:  is_main_query được gọi là <strong>không chính xác</strong>. Trong <code>pre_get_posts</code>, sử dụng phương thức <code>WP_Query->is_main_query()</code>, không dùng hàm <code>is_main_query()</code>. Xem thêm https://developer.wordpress.org/reference/functions/is_main_query/. Vui lòng xem <a href="https://wordpress.org/support/article/debugging-in-wordpress/">Hướng dẫn Debug trong WordPress</a> để biết thêm thông tin. (Thông điệp này đã được thêm vào trong phiên bản 3.7.0.) in C:\xampp\htdocs\project-ASIAvinaFans\wp-includes\functions.php on line 5768
[27-Mar-2022 17:27:46 UTC] PHP Notice:  is_main_query được gọi là <strong>không chính xác</strong>. Trong <code>pre_get_posts</code>, sử dụng phương thức <code>WP_Query->is_main_query()</code>, không dùng hàm <code>is_main_query()</code>. Xem thêm https://developer.wordpress.org/reference/functions/is_main_query/. Vui lòng xem <a href="https://wordpress.org/support/article/debugging-in-wordpress/">Hướng dẫn Debug trong WordPress</a> để biết thêm thông tin. (Thông điệp này đã được thêm vào trong phiên bản 3.7.0.) in C:\xampp\htdocs\project-ASIAvinaFans\wp-includes\functions.php on line 5768
[27-Mar-2022 17:27:48 UTC] PHP Notice:  is_main_query được gọi là <strong>không chính xác</strong>. Trong <code>pre_get_posts</code>, sử dụng phương thức <code>WP_Query->is_main_query()</code>, không dùng hàm <code>is_main_query()</code>. Xem thêm https://developer.wordpress.org/reference/functions/is_main_query/. Vui lòng xem <a href="https://wordpress.org/support/article/debugging-in-wordpress/">Hướng dẫn Debug trong WordPress</a> để biết thêm thông tin. (Thông điệp này đã được thêm vào trong phiên bản 3.7.0.) in C:\xampp\htdocs\project-ASIAvinaFans\wp-includes\functions.php on line 5768
[27-Mar-2022 17:27:48 UTC] PHP Notice:  is_main_query được gọi là <strong>không chính xác</strong>. Trong <code>pre_get_posts</code>, sử dụng phương thức <code>WP_Query->is_main_query()</code>, không dùng hàm <code>is_main_query()</code>. Xem thêm https://developer.wordpress.org/reference/functions/is_main_query/. Vui lòng xem <a href="https://wordpress.org/support/article/debugging-in-wordpress/">Hướng dẫn Debug trong WordPress</a> để biết thêm thông tin. (Thông điệp này đã được thêm vào trong phiên bản 3.7.0.) in C:\xampp\htdocs\project-ASIAvinaFans\wp-includes\functions.php on line 5768
[27-Mar-2022 17:27:48 UTC] PHP Notice:  Undefined index: post_type in C:\xampp\htdocs\project-ASIAvinaFans\wp-content\themes\ASIAvinaFans\functions.php on line 117
[27-Mar-2022 17:28:47 UTC] PHP Notice:  is_main_query được gọi là <strong>không chính xác</strong>. Trong <code>pre_get_posts</code>, sử dụng phương thức <code>WP_Query->is_main_query()</code>, không dùng hàm <code>is_main_query()</code>. Xem thêm https://developer.wordpress.org/reference/functions/is_main_query/. Vui lòng xem <a href="https://wordpress.org/support/article/debugging-in-wordpress/">Hướng dẫn Debug trong WordPress</a> để biết thêm thông tin. (Thông điệp này đã được thêm vào trong phiên bản 3.7.0.) in C:\xampp\htdocs\project-ASIAvinaFans\wp-includes\functions.php on line 5768
[27-Mar-2022 17:29:48 UTC] PHP Notice:  is_main_query được gọi là <strong>không chính xác</strong>. Trong <code>pre_get_posts</code>, sử dụng phương thức <code>WP_Query->is_main_query()</code>, không dùng hàm <code>is_main_query()</code>. Xem thêm https://developer.wordpress.org/reference/functions/is_main_query/. Vui lòng xem <a href="https://wordpress.org/support/article/debugging-in-wordpress/">Hướng dẫn Debug trong WordPress</a> để biết thêm thông tin. (Thông điệp này đã được thêm vào trong phiên bản 3.7.0.) in C:\xampp\htdocs\project-ASIAvinaFans\wp-includes\functions.php on line 5768
[27-Mar-2022 17:31:49 UTC] PHP Notice:  is_main_query được gọi là <strong>không chính xác</strong>. Trong <code>pre_get_posts</code>, sử dụng phương thức <code>WP_Query->is_main_query()</code>, không dùng hàm <code>is_main_query()</code>. Xem thêm https://developer.wordpress.org/reference/functions/is_main_query/. Vui lòng xem <a href="https://wordpress.org/support/article/debugging-in-wordpress/">Hướng dẫn Debug trong WordPress</a> để biết thêm thông tin. (Thông điệp này đã được thêm vào trong phiên bản 3.7.0.) in C:\xampp\htdocs\project-ASIAvinaFans\wp-includes\functions.php on line 5768
[27-Mar-2022 17:33:50 UTC] PHP Notice:  is_main_query được gọi là <strong>không chính xác</strong>. Trong <code>pre_get_posts</code>, sử dụng phương thức <code>WP_Query->is_main_query()</code>, không dùng hàm <code>is_main_query()</code>. Xem thêm https://developer.wordpress.org/reference/functions/is_main_query/. Vui lòng xem <a href="https://wordpress.org/support/article/debugging-in-wordpress/">Hướng dẫn Debug trong WordPress</a> để biết thêm thông tin. (Thông điệp này đã được thêm vào trong phiên bản 3.7.0.) in C:\xampp\htdocs\project-ASIAvinaFans\wp-includes\functions.php on line 5768
[27-Mar-2022 17:35:51 UTC] PHP Notice:  is_main_query được gọi là <strong>không chính xác</strong>. Trong <code>pre_get_posts</code>, sử dụng phương thức <code>WP_Query->is_main_query()</code>, không dùng hàm <code>is_main_query()</code>. Xem thêm https://developer.wordpress.org/reference/functions/is_main_query/. Vui lòng xem <a href="https://wordpress.org/support/article/debugging-in-wordpress/">Hướng dẫn Debug trong WordPress</a> để biết thêm thông tin. (Thông điệp này đã được thêm vào trong phiên bản 3.7.0.) in C:\xampp\htdocs\project-ASIAvinaFans\wp-includes\functions.php on line 5768
[27-Mar-2022 17:37:52 UTC] PHP Notice:  is_main_query được gọi là <strong>không chính xác</strong>. Trong <code>pre_get_posts</code>, sử dụng phương thức <code>WP_Query->is_main_query()</code>, không dùng hàm <code>is_main_query()</code>. Xem thêm https://developer.wordpress.org/reference/functions/is_main_query/. Vui lòng xem <a href="https://wordpress.org/support/article/debugging-in-wordpress/">Hướng dẫn Debug trong WordPress</a> để biết thêm thông tin. (Thông điệp này đã được thêm vào trong phiên bản 3.7.0.) in C:\xampp\htdocs\project-ASIAvinaFans\wp-includes\functions.php on line 5768
